<?xml version="1.0" encoding="UTF-8"?>
<testsuite xmlns:xsi="http://www.w3.org/2001/XMLSchema-instance" xsi:noNamespaceSchemaLocation="https://maven.apache.org/surefire/maven-surefire-plugin/xsd/surefire-test-report-3.0.xsd" version="3.0" name="com.finanzas.personal.RegistroFinanzasPersonalesApplicationTests" time="4.612" tests="1" errors="0" skipped="0" failures="0">
  <properties>
[...]
</properties>
  <testcase name="contextLoads" classname="com.finanzas.personal.RegistroFinanzasPersonalesApplicationTests" time="0.48">
    <system-out><![CDATA[Standard Commons Logging discovery in action with spring-jcl: please remove commons-logging.jar from classpath in order to avoid potential conflicts
17:03:35.472 [main] INFO org.springframework.test.context.support.AnnotationConfigContextLoaderUtils -- Could not detect default configuration classes for test class [com.finanzas.personal.RegistroFinanzasPersonalesApplicationTests]: RegistroFinanzasPersonalesApplicationTests does not declare any static, non-private, non-final, nested classes annotated with @Configuration.
17:03:35.558 [main] INFO org.springframework.boot.test.context.SpringBootTestContextBootstrapper -- Found @SpringBootConfiguration com.finanzas.personal.RegistroFinanzasPersonalesApplication for test class com.finanzas.personal.RegistroFinanzasPersonalesApplicationTests

  .   ____          _            __ _ _
 /\\ / ___'_ __ _ _(_)_ __  __ _ \ \ \ \
( ( )\___ | '_ | '_| | '_ \/ _` | \ \ \ \
 \\/  ___)| |_)| | | | | || (_| |  ) ) ) )
  '  |____| .__|_| |_|_| |_\__, | / / / /
 =========|_|==============|___/=/_/_/_/
 :: Spring Boot ::                (v3.1.3)

2024-01-09T17:03:35.907-05:00  WARN 16012 --- [           main] ory$DuplicateJsonObjectContextCustomizer : 

Found multiple occurrences of org.json.JSONObject on the class path:

	jar:file:/C:/Users/CALEB/.m2/repository/org/json/json/20180813/json-20180813.jar!/org/json/JSONObject.class
	jar:file:/C:/Users/CALEB/.m2/repository/com/vaadin/external/google/android-json/0.0.20131108.vaadin1/android-json-0.0.20131108.vaadin1.jar!/org/json/JSONObject.class

You may wish to exclude one of them to ensure predictable runtime behavior

2024-01-09T17:03:35.922-05:00  INFO 16012 --- [           main] gistroFinanzasPersonalesApplicationTests : Starting RegistroFinanzasPersonalesApplicationTests using Java 17.0.6 with PID 16012 (started by CALEB in E:\denzel\PROYECTOS REALIZADOS\SistemaFinanzas)
2024-01-09T17:03:35.923-05:00  INFO 16012 --- [           main] gistroFinanzasPersonalesApplicationTests : No active profile set, falling back to 1 default profile: "default"
2024-01-09T17:03:36.503-05:00  INFO 16012 --- [           main] .s.d.r.c.RepositoryConfigurationDelegate : Bootstrapping Spring Data JPA repositories in DEFAULT mode.
2024-01-09T17:03:36.561-05:00  INFO 16012 --- [           main] .s.d.r.c.RepositoryConfigurationDelegate : Finished Spring Data repository scanning in 52 ms. Found 4 JPA repository interfaces.
2024-01-09T17:03:36.950-05:00  INFO 16012 --- [           main] com.zaxxer.hikari.HikariDataSource       : HikariPool-1 - Starting...
2024-01-09T17:03:37.336-05:00  INFO 16012 --- [           main] com.zaxxer.hikari.pool.HikariPool        : HikariPool-1 - Added connection com.mysql.cj.jdbc.ConnectionImpl@34a6d9db
2024-01-09T17:03:37.338-05:00  INFO 16012 --- [           main] com.zaxxer.hikari.HikariDataSource       : HikariPool-1 - Start completed.
2024-01-09T17:03:37.379-05:00  INFO 16012 --- [           main] o.hibernate.jpa.internal.util.LogHelper  : HHH000204: Processing PersistenceUnitInfo [name: default]
2024-01-09T17:03:37.425-05:00  INFO 16012 --- [           main] org.hibernate.Version                    : HHH000412: Hibernate ORM core version 6.2.7.Final
2024-01-09T17:03:37.427-05:00  INFO 16012 --- [           main] org.hibernate.cfg.Environment            : HHH000406: Using bytecode reflection optimizer
2024-01-09T17:03:37.619-05:00  INFO 16012 --- [           main] o.h.b.i.BytecodeProviderInitiator        : HHH000021: Bytecode provider name : bytebuddy
2024-01-09T17:03:37.751-05:00  INFO 16012 --- [           main] o.s.o.j.p.SpringPersistenceUnitInfo      : No LoadTimeWeaver setup: ignoring JPA class transformer
2024-01-09T17:03:38.015-05:00  INFO 16012 --- [           main] o.h.b.i.BytecodeProviderInitiator        : HHH000021: Bytecode provider name : bytebuddy
2024-01-09T17:03:38.571-05:00  INFO 16012 --- [           main] o.h.e.t.j.p.i.JtaPlatformInitiator       : HHH000490: Using JtaPlatform implementation: [org.hibernate.engine.transaction.jta.platform.internal.NoJtaPlatform]
2024-01-09T17:03:38.574-05:00  INFO 16012 --- [           main] j.LocalContainerEntityManagerFactoryBean : Initialized JPA EntityManagerFactory for persistence unit 'default'
2024-01-09T17:03:39.109-05:00  WARN 16012 --- [           main] JpaBaseConfiguration$JpaWebConfiguration : spring.jpa.open-in-view is enabled by default. Therefore, database queries may be performed during view rendering. Explicitly configure spring.jpa.open-in-view to disable this warning
2024-01-09T17:03:39.434-05:00  INFO 16012 --- [           main] gistroFinanzasPersonalesApplicationTests : Started RegistroFinanzasPersonalesApplicationTests in 3.739 seconds (process running for 4.65)
]]></system-out>
  </testcase>
</testsuite>